   Compiling serde v1.0.228
   Compiling regex-syntax v0.8.10
   Compiling yoke v0.8.1
   Compiling generic-array v0.14.7
   Compiling zerovec-derive v0.11.2
   Compiling ring v0.17.14
   Compiling tracing-core v0.1.36
   Compiling slab v0.4.12
   Compiling displaydoc v0.2.5
   Compiling tracing-attributes v0.1.31
   Compiling hex v0.4.3
   Compiling futures-task v0.3.32
   Compiling fnv v1.0.7
   Compiling bytes v1.11.1
   Compiling parity-scale-codec v3.7.5
   Compiling impl-serde v0.4.0
   Compiling hmac v0.12.1
   Compiling futures-macro v0.3.32
   Compiling zerovec v0.11.5
   Compiling der v0.7.10
   Compiling tracing v0.1.44
   Compiling fastrand v2.3.0
   Compiling rlp v0.5.2
   Compiling tokio v1.49.0
   Compiling futures-util v0.3.32
   Compiling httparse v1.10.1
   Compiling sha2 v0.10.9
   Compiling log v0.4.29
   Compiling impl-rlp v0.3.0
   Compiling tinystr v0.8.2
   Compiling scale-info v2.11.6
   Compiling impl-codec v0.6.0
   Compiling spki v0.7.3
   Compiling crypto-common v0.1.7
   Compiling block-buffer v0.10.4
   Compiling futures-channel v0.3.32
   Compiling ff v0.13.1
   Compiling litemap v0.8.1
   Compiling writeable v0.6.2
   Compiling pkcs8 v0.10.2
   Compiling group v0.13.0
   Compiling digest v0.10.7
   Compiling sec1 v0.7.3
   Compiling serde_json v1.0.149
   Compiling icu_locale_core v2.1.1
   Compiling potential_utf v0.1.4
   Compiling zerotrie v0.2.3
   Compiling sha3 v0.10.8
   Compiling getrandom v0.4.1
   Compiling crypto-bigint v0.5.5
   Compiling percent-encoding v2.3.2
   Compiling icu_collections v2.1.1
   Compiling num-traits v0.2.19
   Compiling camino v1.2.2
   Compiling open-fastrlp-derive v0.1.1
   Compiling tokio-util v0.7.18
   Compiling icu_provider v2.1.1
   Compiling regex-automata v0.4.14
   Compiling elliptic-curve v0.13.8
   Compiling rfc6979 v0.4.0
   Compiling cargo-platform v0.1.9
   Compiling rustix v1.1.4
   Compiling fixed-hash v0.8.0
   Compiling signature v2.2.0
   Compiling auto_impl v1.3.0
   Compiling semver v1.0.27
   Compiling try-lock v0.2.5
   Compiling tower-service v0.3.3
   Compiling strum_macros v0.26.4
   Compiling ecdsa v0.16.9
   Compiling icu_properties_data v2.1.2
   Compiling want v0.3.1
   Compiling icu_normalizer_data v2.1.1
   Compiling uint v0.9.5
   Compiling rand_chacha v0.3.1
   Compiling num_enum_derive v0.7.5
   Compiling base64 v0.21.7
   Compiling tempfile v3.26.0
   Compiling primitive-types v0.12.2
   Compiling icu_normalizer v2.1.1
   Compiling k256 v0.13.4
   Compiling rand v0.8.5
   Compiling icu_properties v2.1.2
   Compiling strum v0.26.3
   Compiling ethbloom v0.13.0
   Compiling http v0.2.12
   Compiling num_enum v0.7.5
   Compiling core-foundation v0.9.4
   Compiling const-hex v1.18.0
   Compiling regex v1.12.3
   Compiling ethereum-types v0.14.1
   Compiling idna_adapter v1.2.1
   Compiling form_urlencoded v1.2.2
   Compiling http v1.4.0
   Compiling rustls-webpki v0.101.7
   Compiling sct v0.7.1
   Compiling utf8_iter v1.0.4
   Compiling wasm-bindgen-shared v0.2.113
   Compiling idna v1.1.0
   Compiling iana-time-zone v0.1.65
   Compiling syn v2.0.117
   Compiling ipnet v2.11.0
   Compiling lazy_static v1.5.0
   Compiling wasm-bindgen-macro-support v0.2.113
   Compiling rustls v0.21.12
   Compiling chrono v0.4.44
   Compiling url v2.5.8
   Compiling open-fastrlp v0.1.4
   Compiling ethabi v18.0.0
   Compiling cargo_metadata v0.18.1
   Compiling inout v0.1.4
   Compiling rustls-pki-types v1.14.0
   Compiling ethers-core v2.0.14
   Compiling cipher v0.4.4
   Compiling wasm-bindgen-macro v0.2.113
   Compiling tokio-rustls v0.24.1
   Compiling http-body v0.4.6
   Compiling h2 v0.3.27
   Compiling serde_spanned v0.6.9
   Compiling toml_datetime v0.6.11
   Compiling sha1 v0.10.6
   Compiling socket2 v0.5.10
   Compiling utf-8 v0.7.6
   Compiling num-conv v0.2.0
   Compiling toml_write v0.1.2
   Compiling powerfmt v0.2.0
   Compiling ryu v1.0.23
   Compiling time-core v0.1.8
   Compiling data-encoding v2.10.0
   Compiling httpdate v1.0.3
   Compiling time-macros v0.2.27
   Compiling serde_urlencoded v0.7.1
   Compiling toml_edit v0.22.27
   Compiling deranged v0.5.8
   Compiling hyper v0.14.32
   Compiling wasm-bindgen v0.2.113
   Compiling system-configuration-sys v0.5.0
   Compiling http-body v1.0.1
   Compiling num-integer v0.1.46
   Compiling security-framework-sys v2.17.0
   Compiling core-foundation v0.10.1
   Compiling thiserror-impl v2.0.18
   Compiling encoding_rs v0.8.35
   Compiling same-file v1.0.6
   Compiling bitflags v1.3.2
   Compiling mime v0.3.17
   Compiling indenter v0.3.4
   Compiling webpki-roots v0.25.4
   Compiling security-framework v3.7.0
   Compiling js-sys v0.3.90
   Compiling eyre v0.6.12
   Compiling walkdir v2.5.0
   Compiling system-configuration v0.5.1
   Compiling hyper-rustls v0.24.2
   Compiling thiserror v2.0.18
   Compiling toml v0.8.23
   Compiling time v0.3.47
   Compiling num-bigint v0.4.6
   Compiling rustls-webpki v0.103.9
   Compiling rustls-pemfile v1.0.4
   Compiling bs58 v0.5.1
   Compiling ripemd v0.1.3
   Compiling pin-project-internal v1.1.10
   Compiling spin v0.5.2
   Compiling atomic-waker v1.1.2
   Compiling untrusted v0.7.1
   Compiling dunce v1.0.5
   Compiling base64 v0.13.1
   Compiling sync_wrapper v0.1.2
   Compiling tap v1.0.1
   Compiling bech32 v0.9.1
   Compiling h2 v0.4.13
   Compiling reqwest v0.11.27
   Compiling wyz v0.5.1
   Compiling ring v0.16.20
   Compiling rustls v0.23.37
   Compiling simple_asn1 v0.6.4
   Compiling gloo-timers v0.2.6
   Compiling pin-project v1.1.10
   Compiling pem v1.1.1
   Compiling coins-core v0.8.7
   Compiling radium v0.7.0
   Compiling system-configuration-sys v0.6.0
   Compiling tungstenite v0.20.1
   Compiling Inflector v0.11.4
   Compiling salsa20 v0.10.2
   Compiling prettyplease v0.2.37
   Compiling fxhash v0.2.1
   Compiling pbkdf2 v0.11.0
   Compiling async-trait v0.1.89
   Compiling send_wrapper v0.4.0
   Compiling funty v2.0.0
   Compiling pin-utils v0.1.0
   Compiling hyper v1.8.1
   Compiling tokio-tungstenite v0.20.1
   Compiling bitvec v1.0.1
   Compiling futures-timer v3.0.3
   Compiling scrypt v0.10.0
   Compiling hashers v1.0.1
   Compiling jsonwebtoken v8.3.0
   Compiling coins-bip32 v0.8.7
   Compiling system-configuration v0.7.0
   Compiling tracing-futures v0.2.5
   Compiling ctr v0.9.2
   Compiling aes v0.8.4
   Compiling ethers-contract-abigen v2.0.14
   Compiling enr v0.10.0
   Compiling pbkdf2 v0.12.2
   Compiling uuid v0.8.2
   Compiling instant v0.1.13
   Compiling base64 v0.22.1
   Compiling coins-bip39 v0.8.7
   Compiling native-tls v0.2.18
   Compiling tokio-rustls v0.26.4
   Compiling ethers-providers v2.0.14
   Compiling eth-keystore v0.5.0
   Compiling hyper-util v0.1.20
   Compiling sync_wrapper v1.0.2
   Compiling tower-layer v0.3.3
   Compiling tokio-native-tls v0.3.1
   Compiling ethers-contract-derive v2.0.14
   Compiling ethers-etherscan v2.0.14
   Compiling http-body-util v0.1.3
   Compiling tower v0.5.3
   Compiling webpki-roots v1.0.6
   Compiling futures-locks v0.7.1
   Compiling ethers-signers v2.0.14
   Compiling iri-string v0.7.10
   Compiling tungstenite v0.24.0
   Compiling rustls-native-certs v0.8.3
   Compiling ethers-addressbook v2.0.14
   Compiling hyper-rustls v0.27.7
   Compiling hyper-tls v0.6.0
   Compiling sharded-slab v0.1.7
   Compiling matchers v0.2.0
   Compiling tracing-log v0.2.0
   Compiling thread_local v1.1.9
   Compiling nu-ansi-term v0.50.3
   Compiling ethers-contract v2.0.14
   Compiling tower-http v0.6.8
   Compiling tokio-tungstenite v0.24.0
   Compiling anyhow v1.0.102
   Compiling uuid v1.21.0
   Compiling tracing-subscriber v0.3.22
   Compiling dotenv v0.15.0
   Compiling reqwest v0.12.28
   Compiling ethers-middleware v2.0.14
   Compiling ethers v2.0.14
   Compiling polymarketrust v0.1.0 (/Users/bingcheng45/bots/polymarketrust)
    Finished `dev` profile [unoptimized + debuginfo] target(s) in 3m 25s
     Running `target/debug/polymarketrust`
═══════════════════════════════════════════════════════
  POLYMARKETRUST — Polymarket Arbitrage Bot (Rust)
═══════════════════════════════════════════════════════
Market slugs : btc-updown-5m
Max trade    : 20 shares
Min profit   : $0.03
Mock mode    : false
Sig type     : 2
Signer  : 0xae53fde15aa17a7cbe75ecd028ad0cfd6fa5223b
Maker   : 0x76bc20a3b5630a5489d31621054165e249063c0b
Initializing...
[H[J================================================================
📊 POLYMARKET BOT DASHBOARD — btc-updown-5m
   Bitcoin Up or Down - February 26, 4:05AM-4:10AM ET
   ⏱ Uptime: 2s | Ends in: 1m 30s
================================================================
💰 ACCOUNT (USDC)
   Wallet:    0x76bc20a3b5630a5489d31621054165e249063c0b [Proxy Wallet]
   Balance:   20.01
   Capital:   none
   Position:  none
   Daily PnL: [32m+$0.000 (+0.0%)[0m | Successes: 0 | Failures: 0
----------------------------------------------------------------
📈 LIVE MARKET DATA (WS) (Last 5 ticks)
   (Waiting for ticks...)
----------------------------------------------------------------
⚡️ RECENT ACTIONS
   [05:08:27 PM] 🔎 Finding next active market...
   [05:08:28 PM] ✅ Market: Bitcoin Up or Down - February 26, 4:05AM-4:10AM ET
   [05:08:28 PM] ⏰ Ends: 09:10 UTC
   [05:08:28 PM] 📊 CLOB feeRateBps: 1000 (Max fee: 25.00% per share)
   [05:08:28 PM] 📡 WebSocket orderbook feed connected
   [05:08:28 PM] ✅ Initialization complete
================================================================
[H[J================================================================
📊 POLYMARKET BOT DASHBOARD — btc-updown-5m
   Bitcoin Up or Down - February 26, 4:05AM-4:10AM ET
   ⏱ Uptime: 7s | Ends in: 1m 25s
================================================================
💰 ACCOUNT (USDC)
   Wallet:    0x76bc20a3b5630a5489d31621054165e249063c0b [Proxy Wallet]
   Balance:   20.01
   Capital:   none
   Position:  none
   Daily PnL: [32m+$0.000 (+0.0%)[0m | Successes: 0 | Failures: 0
----------------------------------------------------------------
📈 LIVE MARKET DATA (REST) (Last 5 ticks)
   (Waiting for ticks...)
----------------------------------------------------------------
⚡️ RECENT ACTIONS
   [05:08:27 PM] 🔎 Finding next active market...
   [05:08:28 PM] ✅ Market: Bitcoin Up or Down - February 26, 4:05AM-4:10AM ET
   [05:08:28 PM] ⏰ Ends: 09:10 UTC
   [05:08:28 PM] 📊 CLOB feeRateBps: 1000 (Max fee: 25.00% per share)
   [05:08:28 PM] 📡 WebSocket orderbook feed connected
   [05:08:28 PM] ✅ Initialization complete
================================================================
[H[J================================================================
📊 POLYMARKET BOT DASHBOARD — btc-updown-5m
   Bitcoin Up or Down - February 26, 4:05AM-4:10AM ET
   ⏱ Uptime: 12s | Ends in: 1m 20s
================================================================
💰 ACCOUNT (USDC)
   Wallet:    0x76bc20a3b5630a5489d31621054165e249063c0b [Proxy Wallet]
   Balance:   20.01
   Capital:   none
   Position:  none
   Daily PnL: [32m+$0.000 (+0.0%)[0m | Successes: 0 | Failures: 0
----------------------------------------------------------------
📈 LIVE MARKET DATA (REST) (Last 5 ticks)
   (Waiting for ticks...)
----------------------------------------------------------------
⚡️ RECENT ACTIONS
   [05:08:27 PM] 🔎 Finding next active market...
   [05:08:28 PM] ✅ Market: Bitcoin Up or Down - February 26, 4:05AM-4:10AM ET
   [05:08:28 PM] ⏰ Ends: 09:10 UTC
   [05:08:28 PM] 📊 CLOB feeRateBps: 1000 (Max fee: 25.00% per share)
   [05:08:28 PM] 📡 WebSocket orderbook feed connected
   [05:08:28 PM] ✅ Initialization complete
================================================================
[H[J================================================================
📊 POLYMARKET BOT DASHBOARD — btc-updown-5m
   Bitcoin Up or Down - February 26, 4:05AM-4:10AM ET
   ⏱ Uptime: 18s | Ends in: 1m 14s
================================================================
💰 ACCOUNT (USDC)
   Wallet:    0x76bc20a3b5630a5489d31621054165e249063c0b [Proxy Wallet]
   Balance:   20.01
   Capital:   none
   Position:  none
   Daily PnL: [32m+$0.000 (+0.0%)[0m | Successes: 0 | Failures: 0
----------------------------------------------------------------
📈 LIVE MARKET DATA (REST) (Last 5 ticks)
   (Waiting for ticks...)
----------------------------------------------------------------
⚡️ RECENT ACTIONS
   [05:08:27 PM] 🔎 Finding next active market...
   [05:08:28 PM] ✅ Market: Bitcoin Up or Down - February 26, 4:05AM-4:10AM ET
   [05:08:28 PM] ⏰ Ends: 09:10 UTC
   [05:08:28 PM] 📊 CLOB feeRateBps: 1000 (Max fee: 25.00% per share)
   [05:08:28 PM] 📡 WebSocket orderbook feed connected
   [05:08:28 PM] ✅ Initialization complete
================================================================
[H[J================================================================
📊 POLYMARKET BOT DASHBOARD — btc-updown-5m
   Bitcoin Up or Down - February 26, 4:05AM-4:10AM ET
   ⏱ Uptime: 23s | Ends in: 1m 09s
================================================================
💰 ACCOUNT (USDC)
   Wallet:    0x76bc20a3b5630a5489d31621054165e249063c0b [Proxy Wallet]
   Balance:   20.01
   Capital:   none
   Position:  none
   Daily PnL: [32m+$0.000 (+0.0%)[0m | Successes: 0 | Failures: 0
----------------------------------------------------------------
📈 LIVE MARKET DATA (REST) (Last 5 ticks)
   (Waiting for ticks...)
----------------------------------------------------------------
⚡️ RECENT ACTIONS
   [05:08:27 PM] 🔎 Finding next active market...
   [05:08:28 PM] ✅ Market: Bitcoin Up or Down - February 26, 4:05AM-4:10AM ET
   [05:08:28 PM] ⏰ Ends: 09:10 UTC
   [05:08:28 PM] 📊 CLOB feeRateBps: 1000 (Max fee: 25.00% per share)
   [05:08:28 PM] 📡 WebSocket orderbook feed connected
   [05:08:28 PM] ✅ Initialization complete
================================================================
[H[J================================================================
📊 POLYMARKET BOT DASHBOARD — btc-updown-5m
   Bitcoin Up or Down - February 26, 4:05AM-4:10AM ET
   ⏱ Uptime: 28s | Ends in: 1m 04s
================================================================
💰 ACCOUNT (USDC)
   Wallet:    0x76bc20a3b5630a5489d31621054165e249063c0b [Proxy Wallet]
   Balance:   20.01
   Capital:   none
   Position:  none
   Daily PnL: [32m+$0.000 (+0.0%)[0m | Successes: 0 | Failures: 0
----------------------------------------------------------------
📈 LIVE MARKET DATA (REST) (Last 5 ticks)
   (Waiting for ticks...)
----------------------------------------------------------------
⚡️ RECENT ACTIONS
   [05:08:27 PM] 🔎 Finding next active market...
   [05:08:28 PM] ✅ Market: Bitcoin Up or Down - February 26, 4:05AM-4:10AM ET
   [05:08:28 PM] ⏰ Ends: 09:10 UTC
   [05:08:28 PM] 📊 CLOB feeRateBps: 1000 (Max fee: 25.00% per share)
   [05:08:28 PM] 📡 WebSocket orderbook feed connected
   [05:08:28 PM] ✅ Initialization complete
================================================================
[H[J================================================================
📊 POLYMARKET BOT DASHBOARD — btc-updown-5m
   Bitcoin Up or Down - February 26, 4:05AM-4:10AM ET
   ⏱ Uptime: 34s | Ends in: 0m 58s
================================================================
💰 ACCOUNT (USDC)
   Wallet:    0x76bc20a3b5630a5489d31621054165e249063c0b [Proxy Wallet]
   Balance:   20.01
   Capital:   none
   Position:  none
   Daily PnL: [32m+$0.000 (+0.0%)[0m | Successes: 0 | Failures: 0
----------------------------------------------------------------
📈 LIVE MARKET DATA (REST) (Last 5 ticks)
   (Waiting for ticks...)
----------------------------------------------------------------
⚡️ RECENT ACTIONS
   [05:08:27 PM] 🔎 Finding next active market...
   [05:08:28 PM] ✅ Market: Bitcoin Up or Down - February 26, 4:05AM-4:10AM ET
   [05:08:28 PM] ⏰ Ends: 09:10 UTC
   [05:08:28 PM] 📊 CLOB feeRateBps: 1000 (Max fee: 25.00% per share)
   [05:08:28 PM] 📡 WebSocket orderbook feed connected
   [05:08:28 PM] ✅ Initialization complete
================================================================
[H[J================================================================
📊 POLYMARKET BOT DASHBOARD — btc-updown-5m
   Bitcoin Up or Down - February 26, 4:05AM-4:10AM ET
   ⏱ Uptime: 39s | Ends in: 0m 53s
================================================================
💰 ACCOUNT (USDC)
   Wallet:    0x76bc20a3b5630a5489d31621054165e249063c0b [Proxy Wallet]
   Balance:   20.01
   Capital:   none
   Position:  none
   Daily PnL: [32m+$0.000 (+0.0%)[0m | Successes: 0 | Failures: 0
----------------------------------------------------------------
📈 LIVE MARKET DATA (REST) (Last 5 ticks)
   (Waiting for ticks...)
----------------------------------------------------------------
⚡️ RECENT ACTIONS
   [05:08:27 PM] 🔎 Finding next active market...
   [05:08:28 PM] ✅ Market: Bitcoin Up or Down - February 26, 4:05AM-4:10AM ET
   [05:08:28 PM] ⏰ Ends: 09:10 UTC
   [05:08:28 PM] 📊 CLOB feeRateBps: 1000 (Max fee: 25.00% per share)
   [05:08:28 PM] 📡 WebSocket orderbook feed connected
   [05:08:28 PM] ✅ Initialization complete
================================================================
[H[J================================================================
📊 POLYMARKET BOT DASHBOARD — btc-updown-5m
   Bitcoin Up or Down - February 26, 4:05AM-4:10AM ET
   ⏱ Uptime: 44s | Ends in: 0m 48s
================================================================
💰 ACCOUNT (USDC)
   Wallet:    0x76bc20a3b5630a5489d31621054165e249063c0b [Proxy Wallet]
   Balance:   20.01
   Capital:   none
   Position:  none
   Daily PnL: [32m+$0.000 (+0.0%)[0m | Successes: 0 | Failures: 0
----------------------------------------------------------------
📈 LIVE MARKET DATA (REST) (Last 5 ticks)
   (Waiting for ticks...)
----------------------------------------------------------------
⚡️ RECENT ACTIONS
   [05:08:27 PM] 🔎 Finding next active market...
   [05:08:28 PM] ✅ Market: Bitcoin Up or Down - February 26, 4:05AM-4:10AM ET
   [05:08:28 PM] ⏰ Ends: 09:10 UTC
   [05:08:28 PM] 📊 CLOB feeRateBps: 1000 (Max fee: 25.00% per share)
   [05:08:28 PM] 📡 WebSocket orderbook feed connected
   [05:08:28 PM] ✅ Initialization complete
================================================================
[H[J================================================================
📊 POLYMARKET BOT DASHBOARD — btc-updown-5m
   Bitcoin Up or Down - February 26, 4:05AM-4:10AM ET
   ⏱ Uptime: 50s | Ends in: 0m 43s
================================================================
💰 ACCOUNT (USDC)
   Wallet:    0x76bc20a3b5630a5489d31621054165e249063c0b [Proxy Wallet]
   Balance:   20.01
   Capital:   none
   Position:  none
   Daily PnL: [32m+$0.000 (+0.0%)[0m | Successes: 0 | Failures: 0
----------------------------------------------------------------
📈 LIVE MARKET DATA (REST) (Last 5 ticks)
   (Waiting for ticks...)
----------------------------------------------------------------
⚡️ RECENT ACTIONS
   [05:08:27 PM] 🔎 Finding next active market...
   [05:08:28 PM] ✅ Market: Bitcoin Up or Down - February 26, 4:05AM-4:10AM ET
   [05:08:28 PM] ⏰ Ends: 09:10 UTC
   [05:08:28 PM] 📊 CLOB feeRateBps: 1000 (Max fee: 25.00% per share)
   [05:08:28 PM] 📡 WebSocket orderbook feed connected
   [05:08:28 PM] ✅ Initialization complete
================================================================
[H[J================================================================
📊 POLYMARKET BOT DASHBOARD — btc-updown-5m
   Bitcoin Up or Down - February 26, 4:05AM-4:10AM ET
   ⏱ Uptime: 55s | Ends in: 0m 37s
================================================================
💰 ACCOUNT (USDC)
   Wallet:    0x76bc20a3b5630a5489d31621054165e249063c0b [Proxy Wallet]
   Balance:   20.01
   Capital:   none
   Position:  none
   Daily PnL: [32m+$0.000 (+0.0%)[0m | Successes: 0 | Failures: 0
----------------------------------------------------------------
📈 LIVE MARKET DATA (REST) (Last 5 ticks)
   (Waiting for ticks...)
----------------------------------------------------------------
⚡️ RECENT ACTIONS
   [05:08:27 PM] 🔎 Finding next active market...
   [05:08:28 PM] ✅ Market: Bitcoin Up or Down - February 26, 4:05AM-4:10AM ET
   [05:08:28 PM] ⏰ Ends: 09:10 UTC
   [05:08:28 PM] 📊 CLOB feeRateBps: 1000 (Max fee: 25.00% per share)
   [05:08:28 PM] 📡 WebSocket orderbook feed connected
   [05:08:28 PM] ✅ Initialization complete
================================================================
[H[J================================================================
📊 POLYMARKET BOT DASHBOARD — btc-updown-5m
   Bitcoin Up or Down - February 26, 4:05AM-4:10AM ET
   ⏱ Uptime: 1m 0s | Ends in: 0m 32s
================================================================
💰 ACCOUNT (USDC)
   Wallet:    0x76bc20a3b5630a5489d31621054165e249063c0b [Proxy Wallet]
   Balance:   20.01
   Capital:   none
   Position:  none
   Daily PnL: [32m+$0.000 (+0.0%)[0m | Successes: 0 | Failures: 0
----------------------------------------------------------------
📈 LIVE MARKET DATA (REST) (Last 5 ticks)
   (Waiting for ticks...)
----------------------------------------------------------------
⚡️ RECENT ACTIONS
   [05:08:27 PM] 🔎 Finding next active market...
   [05:08:28 PM] ✅ Market: Bitcoin Up or Down - February 26, 4:05AM-4:10AM ET
   [05:08:28 PM] ⏰ Ends: 09:10 UTC
   [05:08:28 PM] 📊 CLOB feeRateBps: 1000 (Max fee: 25.00% per share)
   [05:08:28 PM] 📡 WebSocket orderbook feed connected
   [05:08:28 PM] ✅ Initialization complete
================================================================
[H[J================================================================
📊 POLYMARKET BOT DASHBOARD — btc-updown-5m
   Bitcoin Up or Down - February 26, 4:05AM-4:10AM ET
   ⏱ Uptime: 1m 6s | Ends in: 0m 26s
================================================================
💰 ACCOUNT (USDC)
   Wallet:    0x76bc20a3b5630a5489d31621054165e249063c0b [Proxy Wallet]
   Balance:   20.01
   Capital:   none
   Position:  none
   Daily PnL: [32m+$0.000 (+0.0%)[0m | Successes: 0 | Failures: 0
----------------------------------------------------------------
📈 LIVE MARKET DATA (REST) (Last 5 ticks)
   (Waiting for ticks...)
----------------------------------------------------------------
⚡️ RECENT ACTIONS
   [05:08:27 PM] 🔎 Finding next active market...
   [05:08:28 PM] ✅ Market: Bitcoin Up or Down - February 26, 4:05AM-4:10AM ET
   [05:08:28 PM] ⏰ Ends: 09:10 UTC
   [05:08:28 PM] 📊 CLOB feeRateBps: 1000 (Max fee: 25.00% per share)
   [05:08:28 PM] 📡 WebSocket orderbook feed connected
   [05:08:28 PM] ✅ Initialization complete
================================================================
[H[J================================================================
📊 POLYMARKET BOT DASHBOARD — btc-updown-5m
   Bitcoin Up or Down - February 26, 4:05AM-4:10AM ET
   ⏱ Uptime: 1m 11s | Ends in: 0m 21s
================================================================
💰 ACCOUNT (USDC)
   Wallet:    0x76bc20a3b5630a5489d31621054165e249063c0b [Proxy Wallet]
   Balance:   20.01
   Capital:   none
   Position:  none
   Daily PnL: [32m+$0.000 (+0.0%)[0m | Successes: 0 | Failures: 0
----------------------------------------------------------------
📈 LIVE MARKET DATA (REST) (Last 5 ticks)
   (Waiting for ticks...)
----------------------------------------------------------------
⚡️ RECENT ACTIONS
   [05:08:27 PM] 🔎 Finding next active market...
   [05:08:28 PM] ✅ Market: Bitcoin Up or Down - February 26, 4:05AM-4:10AM ET
   [05:08:28 PM] ⏰ Ends: 09:10 UTC
   [05:08:28 PM] 📊 CLOB feeRateBps: 1000 (Max fee: 25.00% per share)
   [05:08:28 PM] 📡 WebSocket orderbook feed connected
   [05:08:28 PM] ✅ Initialization complete
================================================================
[H[J================================================================
📊 POLYMARKET BOT DASHBOARD — btc-updown-5m
   Bitcoin Up or Down - February 26, 4:05AM-4:10AM ET
   ⏱ Uptime: 1m 16s | Ends in: 0m 16s
================================================================
💰 ACCOUNT (USDC)
   Wallet:    0x76bc20a3b5630a5489d31621054165e249063c0b [Proxy Wallet]
   Balance:   20.01
   Capital:   none
   Position:  none
   Daily PnL: [32m+$0.000 (+0.0%)[0m | Successes: 0 | Failures: 0
----------------------------------------------------------------
📈 LIVE MARKET DATA (REST) (Last 5 ticks)
   (Waiting for ticks...)
----------------------------------------------------------------
⚡️ RECENT ACTIONS
   [05:08:27 PM] 🔎 Finding next active market...
   [05:08:28 PM] ✅ Market: Bitcoin Up or Down - February 26, 4:05AM-4:10AM ET
   [05:08:28 PM] ⏰ Ends: 09:10 UTC
   [05:08:28 PM] 📊 CLOB feeRateBps: 1000 (Max fee: 25.00% per share)
   [05:08:28 PM] 📡 WebSocket orderbook feed connected
   [05:08:28 PM] ✅ Initialization complete
================================================================
[H[J================================================================
📊 POLYMARKET BOT DASHBOARD — btc-updown-5m
   Bitcoin Up or Down - February 26, 4:10AM-4:15AM ET
   ⏱ Uptime: 1m 23s | Ends in: 5m 10s
================================================================
💰 ACCOUNT (USDC)
   Wallet:    0x76bc20a3b5630a5489d31621054165e249063c0b [Proxy Wallet]
   Balance:   20.01
   Capital:   none
   Position:  none
   Daily PnL: [32m+$0.000 (+0.0%)[0m | Successes: 0 | Failures: 0
----------------------------------------------------------------
📈 LIVE MARKET DATA (REST) (Last 5 ticks)
   (Waiting for ticks...)
----------------------------------------------------------------
⚡️ RECENT ACTIONS
   [05:08:28 PM] 📡 WebSocket orderbook feed connected
   [05:08:28 PM] ✅ Initialization complete
   [05:09:49 PM] 🔄 Market expired: Bitcoin Up or Down - February 26, 4:05AM-4:10AM ET — searching for next
   [05:09:49 PM] 🔎 Finding next active market...
   [05:09:49 PM] ✅ Market: Bitcoin Up or Down - February 26, 4:10AM-4:15AM ET
   [05:09:49 PM] ⏰ Ends: 09:15 UTC
   [05:09:49 PM] 📊 CLOB feeRateBps: 1000 (Max fee: 25.00% per share)
   [05:09:49 PM] 📡 Re-initialising WebSocket for new market...
   [05:09:49 PM] 📡 WebSocket orderbook feed connected
   [05:09:49 PM] ✅ Rolled over to: Bitcoin Up or Down - February 26, 4:10AM-4:15AM ET
================================================================
[H[J================================================================
📊 POLYMARKET BOT DASHBOARD — btc-updown-5m
   Bitcoin Up or Down - February 26, 4:10AM-4:15AM ET
   ⏱ Uptime: 1m 28s | Ends in: 5m 04s
================================================================
💰 ACCOUNT (USDC)
   Wallet:    0x76bc20a3b5630a5489d31621054165e249063c0b [Proxy Wallet]
   Balance:   20.01
   Capital:   none
   Position:  none
   Daily PnL: [32m+$0.000 (+0.0%)[0m | Successes: 0 | Failures: 0
----------------------------------------------------------------
📈 LIVE MARKET DATA (REST) (Last 5 ticks)
   (Waiting for ticks...)
----------------------------------------------------------------
⚡️ RECENT ACTIONS
   [05:08:28 PM] 📡 WebSocket orderbook feed connected
   [05:08:28 PM] ✅ Initialization complete
   [05:09:49 PM] 🔄 Market expired: Bitcoin Up or Down - February 26, 4:05AM-4:10AM ET — searching for next
   [05:09:49 PM] 🔎 Finding next active market...
   [05:09:49 PM] ✅ Market: Bitcoin Up or Down - February 26, 4:10AM-4:15AM ET
   [05:09:49 PM] ⏰ Ends: 09:15 UTC
   [05:09:49 PM] 📊 CLOB feeRateBps: 1000 (Max fee: 25.00% per share)
   [05:09:49 PM] 📡 Re-initialising WebSocket for new market...
   [05:09:49 PM] 📡 WebSocket orderbook feed connected
   [05:09:49 PM] ✅ Rolled over to: Bitcoin Up or Down - February 26, 4:10AM-4:15AM ET
================================================================
[H[J================================================================
📊 POLYMARKET BOT DASHBOARD — btc-updown-5m
   Bitcoin Up or Down - February 26, 4:10AM-4:15AM ET
   ⏱ Uptime: 1m 33s | Ends in: 4m 59s
================================================================
💰 ACCOUNT (USDC)
   Wallet:    0x76bc20a3b5630a5489d31621054165e249063c0b [Proxy Wallet]
   Balance:   20.01
   Capital:   none
   Position:  none
   Daily PnL: [32m+$0.000 (+0.0%)[0m | Successes: 0 | Failures: 0
----------------------------------------------------------------
📈 LIVE MARKET DATA (REST) (Last 5 ticks)
   (Waiting for ticks...)
----------------------------------------------------------------
⚡️ RECENT ACTIONS
   [05:08:28 PM] 📡 WebSocket orderbook feed connected
   [05:08:28 PM] ✅ Initialization complete
   [05:09:49 PM] 🔄 Market expired: Bitcoin Up or Down - February 26, 4:05AM-4:10AM ET — searching for next
   [05:09:49 PM] 🔎 Finding next active market...
   [05:09:49 PM] ✅ Market: Bitcoin Up or Down - February 26, 4:10AM-4:15AM ET
   [05:09:49 PM] ⏰ Ends: 09:15 UTC
   [05:09:49 PM] 📊 CLOB feeRateBps: 1000 (Max fee: 25.00% per share)
   [05:09:49 PM] 📡 Re-initialising WebSocket for new market...
   [05:09:49 PM] 📡 WebSocket orderbook feed connected
   [05:09:49 PM] ✅ Rolled over to: Bitcoin Up or Down - February 26, 4:10AM-4:15AM ET
================================================================
[H[J================================================================
📊 POLYMARKET BOT DASHBOARD — btc-updown-5m
   Bitcoin Up or Down - February 26, 4:10AM-4:15AM ET
   ⏱ Uptime: 1m 39s | Ends in: 4m 53s
================================================================
💰 ACCOUNT (USDC)
   Wallet:    0x76bc20a3b5630a5489d31621054165e249063c0b [Proxy Wallet]
   Balance:   20.01
   Capital:   none
   Position:  none
   Daily PnL: [32m+$0.000 (+0.0%)[0m | Successes: 0 | Failures: 0
----------------------------------------------------------------
📈 LIVE MARKET DATA (REST) (Last 5 ticks)
   (Waiting for ticks...)
----------------------------------------------------------------
⚡️ RECENT ACTIONS
   [05:08:28 PM] 📡 WebSocket orderbook feed connected
   [05:08:28 PM] ✅ Initialization complete
   [05:09:49 PM] 🔄 Market expired: Bitcoin Up or Down - February 26, 4:05AM-4:10AM ET — searching for next
   [05:09:49 PM] 🔎 Finding next active market...
   [05:09:49 PM] ✅ Market: Bitcoin Up or Down - February 26, 4:10AM-4:15AM ET
   [05:09:49 PM] ⏰ Ends: 09:15 UTC
   [05:09:49 PM] 📊 CLOB feeRateBps: 1000 (Max fee: 25.00% per share)
   [05:09:49 PM] 📡 Re-initialising WebSocket for new market...
   [05:09:49 PM] 📡 WebSocket orderbook feed connected
   [05:09:49 PM] ✅ Rolled over to: Bitcoin Up or Down - February 26, 4:10AM-4:15AM ET
================================================================
[H[J================================================================
📊 POLYMARKET BOT DASHBOARD — btc-updown-5m
   Bitcoin Up or Down - February 26, 4:10AM-4:15AM ET
   ⏱ Uptime: 1m 44s | Ends in: 4m 48s
================================================================
💰 ACCOUNT (USDC)
   Wallet:    0x76bc20a3b5630a5489d31621054165e249063c0b [Proxy Wallet]
   Balance:   20.01
   Capital:   none
   Position:  none
   Daily PnL: [32m+$0.000 (+0.0%)[0m | Successes: 0 | Failures: 0
----------------------------------------------------------------
📈 LIVE MARKET DATA (REST) (Last 5 ticks)
   (Waiting for ticks...)
----------------------------------------------------------------
⚡️ RECENT ACTIONS
   [05:08:28 PM] 📡 WebSocket orderbook feed connected
   [05:08:28 PM] ✅ Initialization complete
   [05:09:49 PM] 🔄 Market expired: Bitcoin Up or Down - February 26, 4:05AM-4:10AM ET — searching for next
   [05:09:49 PM] 🔎 Finding next active market...
   [05:09:49 PM] ✅ Market: Bitcoin Up or Down - February 26, 4:10AM-4:15AM ET
   [05:09:49 PM] ⏰ Ends: 09:15 UTC
   [05:09:49 PM] 📊 CLOB feeRateBps: 1000 (Max fee: 25.00% per share)
   [05:09:49 PM] 📡 Re-initialising WebSocket for new market...
   [05:09:49 PM] 📡 WebSocket orderbook feed connected
   [05:09:49 PM] ✅ Rolled over to: Bitcoin Up or Down - February 26, 4:10AM-4:15AM ET
================================================================
[H[J================================================================
📊 POLYMARKET BOT DASHBOARD — btc-updown-5m
   Bitcoin Up or Down - February 26, 4:10AM-4:15AM ET
   ⏱ Uptime: 1m 49s | Ends in: 4m 43s
================================================================
💰 ACCOUNT (USDC)
   Wallet:    0x76bc20a3b5630a5489d31621054165e249063c0b [Proxy Wallet]
   Balance:   20.01
   Capital:   none
   Position:  none
   Daily PnL: [32m+$0.000 (+0.0%)[0m | Successes: 0 | Failures: 0
----------------------------------------------------------------
📈 LIVE MARKET DATA (REST) (Last 5 ticks)
   (Waiting for ticks...)
----------------------------------------------------------------
⚡️ RECENT ACTIONS
   [05:08:28 PM] 📡 WebSocket orderbook feed connected
   [05:08:28 PM] ✅ Initialization complete
   [05:09:49 PM] 🔄 Market expired: Bitcoin Up or Down - February 26, 4:05AM-4:10AM ET — searching for next
   [05:09:49 PM] 🔎 Finding next active market...
   [05:09:49 PM] ✅ Market: Bitcoin Up or Down - February 26, 4:10AM-4:15AM ET
   [05:09:49 PM] ⏰ Ends: 09:15 UTC
   [05:09:49 PM] 📊 CLOB feeRateBps: 1000 (Max fee: 25.00% per share)
   [05:09:49 PM] 📡 Re-initialising WebSocket for new market...
   [05:09:49 PM] 📡 WebSocket orderbook feed connected
   [05:09:49 PM] ✅ Rolled over to: Bitcoin Up or Down - February 26, 4:10AM-4:15AM ET
================================================================

Shutdown signal received
Bye!
